<?xml version="1.0" encoding="UTF-8"?>
<!-- Generated by org.testng.reporters.JUnitXMLReporter -->
<testsuite ignored="3" hostname="LAPTOP-V0HJLHIK" failures="0" tests="1" name="parameter" time="0.061" errors="0" timestamp="2024-09-03T00:21:26 IST">
  <testcase classname="testscripts.BaseClass" name="@BeforeMethod initializeMethod" time="-1.72530308641E9">
    <failure type="org.testng.TestNGException" message="
Parameter &amp;apos;Browser&amp;apos; is required by BeforeMethod on method initializeMethod but has not been marked @Optional or defined
in C:\Users\USER\git\7rSuperMarket\7rSupermarketProject\parameter.xml">
      <![CDATA[org.testng.TestNGException: 
Parameter 'Browser' is required by BeforeMethod on method initializeMethod but has not been marked @Optional or defined
in C:\Users\USER\git\7rSuperMarket\7rSupermarketProject\parameter.xml
at java.base/java.util.ArrayList.forEach(ArrayList.java:1511)
... Removed 28 stack frames]]>
    </failure>
  </testcase> <!-- @BeforeMethod initializeMethod -->
  <testcase classname="testscripts.BaseClass" name="@AfterMethod browserQuit" time="0.0">
    <skipped/>
  </testcase> <!-- @AfterMethod browserQuit -->
  <testcase classname="testscripts.LoginPageTest" name="verifyEnterInvalidUsernameAndValidPassword" time="0.001">
    <skipped/>
  </testcase> <!-- verifyEnterInvalidUsernameAndValidPassword -->
  <testcase classname="testscripts.LoginPageTest" name="verifyEnterValidUsernameAndInvalidPassword" time="0.0">
    <ignored/>
  </testcase> <!-- verifyEnterValidUsernameAndInvalidPassword -->
  <testcase classname="testscripts.LoginPageTest" name="verifyEnterInvalidUsernameAndInvalidPassword" time="0.0">
    <ignored/>
  </testcase> <!-- verifyEnterInvalidUsernameAndInvalidPassword -->
  <testcase classname="testscripts.LoginPageTest" name="verifyEnterValidUsernameAndValidPassword" time="0.0">
    <ignored/>
  </testcase> <!-- verifyEnterValidUsernameAndValidPassword -->
</testsuite> <!-- parameter -->
